INFO: [VRFC 10-163] Analyzing VHDL file "/home/lerouxde/4IR/S8/sys_info/processeur/Microprocesseur/Microprocesseur.srcs/sources_1/new/Banc_de_registres.vhd" into library xil_defaultlib
INFO: [VRFC 10-307] analyzing entity Banc_de_registres
INFO: [VRFC 10-163] Analyzing VHDL file "/home/lerouxde/4IR/S8/sys_info/processeur/Microprocesseur/Microprocesseur.srcs/sim_1/new/Test_Banc_de_registres.vhd" into library xil_defaultlib
INFO: [VRFC 10-307] analyzing entity Test_Banc_de_registres
INFO: [VRFC 10-163] Analyzing VHDL file "/home/lerouxde/4IR/S8/sys_info/processeur/Microprocesseur/Microprocesseur.srcs/sim_1/new/Test_Banc_de_registres.vhd" into library xil_defaultlib
INFO: [VRFC 10-307] analyzing entity Test_Banc_de_registres
INFO: [VRFC 10-163] Analyzing VHDL file "/home/lerouxde/4IR/S8/sys_info/processeur/Microprocesseur/Microprocesseur.srcs/sources_1/new/Memoire_donnees.vhd" into library xil_defaultlib
INFO: [VRFC 10-307] analyzing entity Memoire_donnees
INFO: [VRFC 10-163] Analyzing VHDL file "/home/lerouxde/4IR/S8/sys_info/processeur/Microprocesseur/Microprocesseur.srcs/sim_1/new/Test_Memoire_donnees.vhd" into library xil_defaultlib
INFO: [VRFC 10-307] analyzing entity Test_Memoire_donnees
INFO: [VRFC 10-163] Analyzing VHDL file "/home/lerouxde/4IR/S8/sys_info/processeur/Microprocesseur/Microprocesseur.srcs/sources_1/new/Banc_de_registres.vhd" into library xil_defaultlib
INFO: [VRFC 10-307] analyzing entity Banc_de_registres
INFO: [VRFC 10-163] Analyzing VHDL file "/home/lerouxde/4IR/S8/sys_info/processeur/Microprocesseur/Microprocesseur.srcs/sources_1/new/Memoire_donnees.vhd" into library xil_defaultlib
INFO: [VRFC 10-307] analyzing entity Memoire_donnees
INFO: [VRFC 10-163] Analyzing VHDL file "/home/lerouxde/4IR/S8/sys_info/processeur/Microprocesseur/Microprocesseur.srcs/sources_1/new/Memoire_donnees.vhd" into library xil_defaultlib
INFO: [VRFC 10-307] analyzing entity Memoire_donnees
INFO: [VRFC 10-163] Analyzing VHDL file "/home/lerouxde/4IR/S8/sys_info/processeur/Microprocesseur/Microprocesseur.srcs/sources_1/new/Memoire_donnees.vhd" into library xil_defaultlib
INFO: [VRFC 10-307] analyzing entity Memoire_donnees
INFO: [VRFC 10-163] Analyzing VHDL file "/home/lerouxde/4IR/S8/sys_info/processeur/Microprocesseur/Microprocesseur.srcs/sources_1/new/Memoire_donnees.vhd" into library xil_defaultlib
INFO: [VRFC 10-307] analyzing entity Memoire_donnees
INFO: [VRFC 10-163] Analyzing VHDL file "/home/lerouxde/4IR/S8/sys_info/processeur/Microprocesseur/Microprocesseur.srcs/sources_1/new/Memoire_donnees.vhd" into library xil_defaultlib
INFO: [VRFC 10-307] analyzing entity Memoire_donnees
INFO: [VRFC 10-163] Analyzing VHDL file "/home/lerouxde/4IR/S8/sys_info/processeur/Microprocesseur/Microprocesseur.srcs/sim_1/new/Test_Memoire_donnees.vhd" into library xil_defaultlib
INFO: [VRFC 10-307] analyzing entity Test_Memoire_donnees
INFO: [VRFC 10-163] Analyzing VHDL file "/home/lerouxde/4IR/S8/sys_info/processeur/Microprocesseur/Microprocesseur.srcs/sources_1/new/Memoire_donnees.vhd" into library xil_defaultlib
INFO: [VRFC 10-307] analyzing entity Memoire_donnees
INFO: [VRFC 10-163] Analyzing VHDL file "/home/lerouxde/4IR/S8/sys_info/processeur/Microprocesseur/Microprocesseur.srcs/sources_1/new/ALU.vhd" into library xil_defaultlib
INFO: [VRFC 10-307] analyzing entity ALU
INFO: [VRFC 10-163] Analyzing VHDL file "/home/lerouxde/4IR/S8/sys_info/processeur/Microprocesseur/Microprocesseur.srcs/sources_1/new/Memoire_instructions.vhd" into library xil_defaultlib
INFO: [VRFC 10-307] analyzing entity Memoire_instructions
INFO: [VRFC 10-163] Analyzing VHDL file "/home/lerouxde/4IR/S8/sys_info/processeur/Microprocesseur/Microprocesseur.srcs/sources_1/new/Processeur.vhd" into library xil_defaultlib
INFO: [VRFC 10-307] analyzing entity Processeur
INFO: [VRFC 10-163] Analyzing VHDL file "/home/lerouxde/4IR/S8/sys_info/processeur/Microprocesseur/Microprocesseur.srcs/sources_1/new/pipeline1.vhd" into library xil_defaultlib
INFO: [VRFC 10-307] analyzing entity pipeline1
INFO: [VRFC 10-163] Analyzing VHDL file "/home/lerouxde/4IR/S8/sys_info/processeur/Microprocesseur/Microprocesseur.srcs/sources_1/new/pipeline2.vhd" into library xil_defaultlib
INFO: [VRFC 10-307] analyzing entity pipeline2
INFO: [VRFC 10-163] Analyzing VHDL file "/home/lerouxde/4IR/S8/sys_info/processeur/Microprocesseur/Microprocesseur.srcs/sim_1/new/Test_Processeur.vhd" into library xil_defaultlib
INFO: [VRFC 10-307] analyzing entity Test_Processeur
INFO: [VRFC 10-163] Analyzing VHDL file "/home/lerouxde/4IR/S8/sys_info/processeur/Microprocesseur/Microprocesseur.srcs/sources_1/new/Processeur.vhd" into library xil_defaultlib
INFO: [VRFC 10-307] analyzing entity Processeur
INFO: [VRFC 10-163] Analyzing VHDL file "/home/lerouxde/4IR/S8/sys_info/processeur/Microprocesseur/Microprocesseur.srcs/sim_1/new/Test_Processeur.vhd" into library xil_defaultlib
INFO: [VRFC 10-307] analyzing entity Test_Processeur
INFO: [VRFC 10-163] Analyzing VHDL file "/home/lerouxde/4IR/S8/sys_info/processeur/Microprocesseur/Microprocesseur.srcs/sim_1/new/Test_Processeur.vhd" into library xil_defaultlib
INFO: [VRFC 10-307] analyzing entity Test_Processeur
INFO: [VRFC 10-163] Analyzing VHDL file "/home/lerouxde/4IR/S8/sys_info/processeur/Microprocesseur/Microprocesseur.srcs/sim_1/new/Test_Processeur.vhd" into library xil_defaultlib
INFO: [VRFC 10-307] analyzing entity Test_Processeur
INFO: [VRFC 10-163] Analyzing VHDL file "/home/lerouxde/4IR/S8/sys_info/processeur/Microprocesseur/Microprocesseur.srcs/sources_1/new/Processeur.vhd" into library xil_defaultlib
INFO: [VRFC 10-307] analyzing entity Processeur
INFO: [VRFC 10-163] Analyzing VHDL file "/home/lerouxde/4IR/S8/sys_info/processeur/Microprocesseur/Microprocesseur.srcs/sim_1/new/Test_Processeur.vhd" into library xil_defaultlib
INFO: [VRFC 10-307] analyzing entity Test_Processeur
INFO: [VRFC 10-163] Analyzing VHDL file "/home/lerouxde/4IR/S8/sys_info/processeur/Microprocesseur/Microprocesseur.srcs/sources_1/new/Processeur.vhd" into library xil_defaultlib
INFO: [VRFC 10-307] analyzing entity Processeur
INFO: [VRFC 10-163] Analyzing VHDL file "/home/lerouxde/4IR/S8/sys_info/processeur/Microprocesseur/Microprocesseur.srcs/sim_1/new/Test_Processeur.vhd" into library xil_defaultlib
INFO: [VRFC 10-307] analyzing entity Test_Processeur
INFO: [VRFC 10-163] Analyzing VHDL file "/home/lerouxde/4IR/S8/sys_info/processeur/Microprocesseur/Microprocesseur.srcs/sources_1/new/Processeur.vhd" into library xil_defaultlib
INFO: [VRFC 10-307] analyzing entity Processeur
INFO: [VRFC 10-163] Analyzing VHDL file "/home/lerouxde/4IR/S8/sys_info/processeur/Microprocesseur/Microprocesseur.srcs/sources_1/new/Processeur.vhd" into library xil_defaultlib
INFO: [VRFC 10-307] analyzing entity Processeur
INFO: [VRFC 10-163] Analyzing VHDL file "/home/lerouxde/4IR/S8/sys_info/processeur/Microprocesseur/Microprocesseur.srcs/sim_1/new/Test_Processeur.vhd" into library xil_defaultlib
INFO: [VRFC 10-307] analyzing entity Test_Processeur
INFO: [VRFC 10-163] Analyzing VHDL file "/home/lerouxde/4IR/S8/sys_info/processeur/Microprocesseur/Microprocesseur.srcs/sources_1/new/Processeur.vhd" into library xil_defaultlib
INFO: [VRFC 10-307] analyzing entity Processeur
INFO: [VRFC 10-163] Analyzing VHDL file "/home/lerouxde/4IR/S8/sys_info/processeur/Microprocesseur/Microprocesseur.srcs/sim_1/new/Test_Processeur.vhd" into library xil_defaultlib
INFO: [VRFC 10-307] analyzing entity Test_Processeur
INFO: [VRFC 10-163] Analyzing VHDL file "/home/lerouxde/4IR/S8/sys_info/processeur/Microprocesseur/Microprocesseur.srcs/sources_1/new/Processeur.vhd" into library xil_defaultlib
INFO: [VRFC 10-307] analyzing entity Processeur
INFO: [VRFC 10-163] Analyzing VHDL file "/home/lerouxde/4IR/S8/sys_info/processeur/Microprocesseur/Microprocesseur.srcs/sources_1/new/Processeur.vhd" into library xil_defaultlib
INFO: [VRFC 10-307] analyzing entity Processeur
INFO: [VRFC 10-163] Analyzing VHDL file "/home/lerouxde/4IR/S8/sys_info/processeur/Microprocesseur/Microprocesseur.srcs/sim_1/new/Test_Processeur.vhd" into library xil_defaultlib
INFO: [VRFC 10-307] analyzing entity Test_Processeur
INFO: [VRFC 10-163] Analyzing VHDL file "/home/lerouxde/4IR/S8/sys_info/processeur/Microprocesseur/Microprocesseur.srcs/sources_1/new/Processeur.vhd" into library xil_defaultlib
INFO: [VRFC 10-307] analyzing entity Processeur
INFO: [VRFC 10-163] Analyzing VHDL file "/home/lerouxde/4IR/S8/sys_info/processeur/Microprocesseur/Microprocesseur.srcs/sources_1/new/Processeur.vhd" into library xil_defaultlib
INFO: [VRFC 10-307] analyzing entity Processeur
INFO: [VRFC 10-163] Analyzing VHDL file "/home/lerouxde/4IR/S8/sys_info/processeur/Microprocesseur/Microprocesseur.srcs/sources_1/new/Processeur.vhd" into library xil_defaultlib
INFO: [VRFC 10-307] analyzing entity Processeur
INFO: [VRFC 10-163] Analyzing VHDL file "/home/lerouxde/4IR/S8/sys_info/processeur/Microprocesseur/Microprocesseur.srcs/sources_1/new/Processeur.vhd" into library xil_defaultlib
INFO: [VRFC 10-307] analyzing entity Processeur
INFO: [VRFC 10-163] Analyzing VHDL file "/home/lerouxde/4IR/S8/sys_info/processeur/Microprocesseur/Microprocesseur.srcs/sources_1/new/Processeur.vhd" into library xil_defaultlib
INFO: [VRFC 10-307] analyzing entity Processeur
INFO: [VRFC 10-163] Analyzing VHDL file "/home/lerouxde/4IR/S8/sys_info/processeur/Microprocesseur/Microprocesseur.srcs/sources_1/new/Processeur.vhd" into library xil_defaultlib
INFO: [VRFC 10-307] analyzing entity Processeur
INFO: [VRFC 10-163] Analyzing VHDL file "/home/lerouxde/4IR/S8/sys_info/processeur/Microprocesseur/Microprocesseur.srcs/sources_1/new/Memoire_instructions.vhd" into library xil_defaultlib
INFO: [VRFC 10-307] analyzing entity Memoire_instructions
INFO: [VRFC 10-163] Analyzing VHDL file "/home/lerouxde/4IR/S8/sys_info/processeur/Microprocesseur/Microprocesseur.srcs/sources_1/new/Processeur.vhd" into library xil_defaultlib
INFO: [VRFC 10-307] analyzing entity Processeur
INFO: [VRFC 10-163] Analyzing VHDL file "/home/lerouxde/4IR/S8/sys_info/processeur/Microprocesseur/Microprocesseur.srcs/sources_1/new/Memoire_instructions.vhd" into library xil_defaultlib
INFO: [VRFC 10-307] analyzing entity Memoire_instructions
INFO: [VRFC 10-163] Analyzing VHDL file "/home/lerouxde/4IR/S8/sys_info/processeur/Microprocesseur/Microprocesseur.srcs/sources_1/new/Processeur.vhd" into library xil_defaultlib
INFO: [VRFC 10-307] analyzing entity Processeur
INFO: [VRFC 10-163] Analyzing VHDL file "/home/lerouxde/4IR/S8/sys_info/processeur/Microprocesseur/Microprocesseur.srcs/sim_1/new/Test_Processeur.vhd" into library xil_defaultlib
INFO: [VRFC 10-307] analyzing entity Test_Processeur
INFO: [VRFC 10-163] Analyzing VHDL file "/home/lerouxde/4IR/S8/sys_info/processeur/Microprocesseur/Microprocesseur.srcs/sim_1/new/Test_Processeur.vhd" into library xil_defaultlib
INFO: [VRFC 10-307] analyzing entity Test_Processeur
INFO: [VRFC 10-163] Analyzing VHDL file "/home/lerouxde/4IR/S8/sys_info/processeur/Microprocesseur/Microprocesseur.srcs/sources_1/new/Processeur.vhd" into library xil_defaultlib
INFO: [VRFC 10-307] analyzing entity Processeur
INFO: [VRFC 10-163] Analyzing VHDL file "/home/lerouxde/4IR/S8/sys_info/processeur/Microprocesseur/Microprocesseur.srcs/sources_1/new/Memoire_instructions.vhd" into library xil_defaultlib
INFO: [VRFC 10-307] analyzing entity Memoire_instructions
INFO: [VRFC 10-163] Analyzing VHDL file "/home/lerouxde/4IR/S8/sys_info/processeur/Microprocesseur/Microprocesseur.srcs/sim_1/new/Test_Processeur.vhd" into library xil_defaultlib
INFO: [VRFC 10-307] analyzing entity Test_Processeur
INFO: [VRFC 10-163] Analyzing VHDL file "/home/lerouxde/4IR/S8/sys_info/processeur/Microprocesseur/Microprocesseur.srcs/sources_1/new/Memoire_instructions.vhd" into library xil_defaultlib
INFO: [VRFC 10-307] analyzing entity Memoire_instructions
INFO: [VRFC 10-163] Analyzing VHDL file "/home/lerouxde/4IR/S8/sys_info/processeur/Microprocesseur/Microprocesseur.srcs/sources_1/new/Banc_de_registres.vhd" into library xil_defaultlib
INFO: [VRFC 10-307] analyzing entity Banc_de_registres
INFO: [VRFC 10-163] Analyzing VHDL file "/home/lerouxde/4IR/S8/sys_info/processeur/Microprocesseur/Microprocesseur.srcs/sources_1/new/Processeur.vhd" into library xil_defaultlib
INFO: [VRFC 10-307] analyzing entity Processeur
INFO: [VRFC 10-163] Analyzing VHDL file "/home/lerouxde/4IR/S8/sys_info/processeur/Microprocesseur/Microprocesseur.srcs/sources_1/new/Processeur.vhd" into library xil_defaultlib
INFO: [VRFC 10-307] analyzing entity Processeur
INFO: [VRFC 10-163] Analyzing VHDL file "/home/lerouxde/4IR/S8/sys_info/processeur/Microprocesseur/Microprocesseur.srcs/sources_1/new/Processeur.vhd" into library xil_defaultlib
INFO: [VRFC 10-307] analyzing entity Processeur
INFO: [VRFC 10-163] Analyzing VHDL file "/home/lerouxde/4IR/S8/sys_info/processeur/Microprocesseur/Microprocesseur.srcs/sources_1/new/Processeur.vhd" into library xil_defaultlib
INFO: [VRFC 10-307] analyzing entity Processeur
INFO: [VRFC 10-163] Analyzing VHDL file "/home/lerouxde/4IR/S8/sys_info/processeur/Microprocesseur/Microprocesseur.srcs/sources_1/new/Processeur.vhd" into library xil_defaultlib
INFO: [VRFC 10-307] analyzing entity Processeur
INFO: [VRFC 10-163] Analyzing VHDL file "/home/lerouxde/4IR/S8/sys_info/processeur/Microprocesseur/Microprocesseur.srcs/sources_1/new/Memoire_instructions.vhd" into library xil_defaultlib
INFO: [VRFC 10-307] analyzing entity Memoire_instructions
INFO: [VRFC 10-163] Analyzing VHDL file "/home/lerouxde/4IR/S8/sys_info/processeur/Microprocesseur/Microprocesseur.srcs/sources_1/new/Processeur.vhd" into library xil_defaultlib
INFO: [VRFC 10-307] analyzing entity Processeur
INFO: [VRFC 10-163] Analyzing VHDL file "/home/lerouxde/4IR/S8/sys_info/processeur/Microprocesseur/Microprocesseur.srcs/sim_1/new/Test_Processeur.vhd" into library xil_defaultlib
INFO: [VRFC 10-307] analyzing entity Test_Processeur
INFO: [VRFC 10-163] Analyzing VHDL file "/home/lerouxde/4IR/S8/sys_info/processeur/Microprocesseur/Microprocesseur.srcs/sources_1/new/Processeur.vhd" into library xil_defaultlib
INFO: [VRFC 10-307] analyzing entity Processeur
INFO: [VRFC 10-163] Analyzing VHDL file "/home/lerouxde/4IR/S8/sys_info/processeur/Microprocesseur/Microprocesseur.srcs/sim_1/new/Test_Processeur.vhd" into library xil_defaultlib
INFO: [VRFC 10-307] analyzing entity Test_Processeur
ERROR: [VRFC 10-91] monb3 is not declared [/home/lerouxde/4IR/S8/sys_info/processeur/Microprocesseur/Microprocesseur.srcs/sim_1/new/Test_Processeur.vhd:124]
ERROR: [VRFC 10-283] actual of formal out port out11 cannot be an expression [/home/lerouxde/4IR/S8/sys_info/processeur/Microprocesseur/Microprocesseur.srcs/sim_1/new/Test_Processeur.vhd:124]
ERROR: [VRFC 10-1504] unit behavioral ignored due to previous errors [/home/lerouxde/4IR/S8/sys_info/processeur/Microprocesseur/Microprocesseur.srcs/sim_1/new/Test_Processeur.vhd:38]
INFO: [VRFC 10-240] VHDL file /home/lerouxde/4IR/S8/sys_info/processeur/Microprocesseur/Microprocesseur.srcs/sim_1/new/Test_Processeur.vhd ignored due to errors
INFO: [VRFC 10-163] Analyzing VHDL file "/home/lerouxde/4IR/S8/sys_info/processeur/Microprocesseur/Microprocesseur.srcs/sources_1/new/Processeur.vhd" into library xil_defaultlib
INFO: [VRFC 10-307] analyzing entity Processeur
INFO: [VRFC 10-163] Analyzing VHDL file "/home/lerouxde/4IR/S8/sys_info/processeur/Microprocesseur/Microprocesseur.srcs/sim_1/new/Test_Processeur.vhd" into library xil_defaultlib
INFO: [VRFC 10-307] analyzing entity Test_Processeur
INFO: [VRFC 10-163] Analyzing VHDL file "/home/lerouxde/4IR/S8/sys_info/processeur/Microprocesseur/Microprocesseur.srcs/sources_1/new/Processeur.vhd" into library xil_defaultlib
INFO: [VRFC 10-307] analyzing entity Processeur
INFO: [VRFC 10-163] Analyzing VHDL file "/home/lerouxde/4IR/S8/sys_info/processeur/Microprocesseur/Microprocesseur.srcs/sources_1/new/Processeur.vhd" into library xil_defaultlib
INFO: [VRFC 10-307] analyzing entity Processeur
INFO: [VRFC 10-163] Analyzing VHDL file "/home/lerouxde/4IR/S8/sys_info/processeur/Microprocesseur/Microprocesseur.srcs/sources_1/new/Processeur.vhd" into library xil_defaultlib
INFO: [VRFC 10-307] analyzing entity Processeur
INFO: [VRFC 10-163] Analyzing VHDL file "/home/lerouxde/4IR/S8/sys_info/processeur/Microprocesseur/Microprocesseur.srcs/sim_1/new/Test_Processeur.vhd" into library xil_defaultlib
INFO: [VRFC 10-307] analyzing entity Test_Processeur
INFO: [VRFC 10-163] Analyzing VHDL file "/home/lerouxde/4IR/S8/sys_info/processeur/Microprocesseur/Microprocesseur.srcs/sim_1/new/Test_Processeur.vhd" into library xil_defaultlib
INFO: [VRFC 10-307] analyzing entity Test_Processeur
INFO: [VRFC 10-163] Analyzing VHDL file "/home/lerouxde/4IR/S8/sys_info/processeur/Microprocesseur/Microprocesseur.srcs/sources_1/new/Processeur.vhd" into library xil_defaultlib
INFO: [VRFC 10-307] analyzing entity Processeur
INFO: [VRFC 10-163] Analyzing VHDL file "/home/lerouxde/4IR/S8/sys_info/processeur/Microprocesseur/Microprocesseur.srcs/sim_1/new/Test_Processeur.vhd" into library xil_defaultlib
INFO: [VRFC 10-307] analyzing entity Test_Processeur
INFO: [VRFC 10-163] Analyzing VHDL file "/home/lerouxde/4IR/S8/sys_info/processeur/Microprocesseur/Microprocesseur.srcs/sources_1/new/Memoire_instructions.vhd" into library xil_defaultlib
INFO: [VRFC 10-307] analyzing entity Memoire_instructions
INFO: [VRFC 10-163] Analyzing VHDL file "/home/lerouxde/4IR/S8/sys_info/processeur/Microprocesseur/Microprocesseur.srcs/sim_1/new/Test_Processeur.vhd" into library xil_defaultlib
INFO: [VRFC 10-307] analyzing entity Test_Processeur
INFO: [VRFC 10-163] Analyzing VHDL file "/home/lerouxde/4IR/S8/sys_info/processeur/Microprocesseur/Microprocesseur.srcs/sources_1/new/Banc_de_registres.vhd" into library xil_defaultlib
INFO: [VRFC 10-307] analyzing entity Banc_de_registres
INFO: [VRFC 10-163] Analyzing VHDL file "/home/lerouxde/4IR/S8/sys_info/processeur/Microprocesseur/Microprocesseur.srcs/sources_1/new/Memoire_instructions.vhd" into library xil_defaultlib
INFO: [VRFC 10-307] analyzing entity Memoire_instructions
INFO: [VRFC 10-163] Analyzing VHDL file "/home/lerouxde/4IR/S8/sys_info/processeur/Microprocesseur/Microprocesseur.srcs/sources_1/new/Memoire_instructions.vhd" into library xil_defaultlib
INFO: [VRFC 10-307] analyzing entity Memoire_instructions
INFO: [VRFC 10-163] Analyzing VHDL file "/home/lerouxde/4IR/S8/sys_info/processeur/Microprocesseur/Microprocesseur.srcs/sim_1/new/Test_Processeur.vhd" into library xil_defaultlib
INFO: [VRFC 10-307] analyzing entity Test_Processeur
INFO: [VRFC 10-163] Analyzing VHDL file "/home/lerouxde/4IR/S8/sys_info/processeur/Microprocesseur/Microprocesseur.srcs/sim_1/new/Test_Processeur.vhd" into library xil_defaultlib
INFO: [VRFC 10-307] analyzing entity Test_Processeur
INFO: [VRFC 10-163] Analyzing VHDL file "/home/lerouxde/4IR/S8/sys_info/processeur/Microprocesseur/Microprocesseur.srcs/sources_1/new/Memoire_donnees.vhd" into library xil_defaultlib
INFO: [VRFC 10-307] analyzing entity Memoire_donnees
INFO: [VRFC 10-163] Analyzing VHDL file "/home/lerouxde/4IR/S8/sys_info/processeur/Microprocesseur/Microprocesseur.srcs/sources_1/new/Memoire_donnees.vhd" into library xil_defaultlib
INFO: [VRFC 10-307] analyzing entity Memoire_donnees
INFO: [VRFC 10-163] Analyzing VHDL file "/home/lerouxde/4IR/S8/sys_info/processeur/Microprocesseur/Microprocesseur.srcs/sources_1/new/Memoire_donnees.vhd" into library xil_defaultlib
INFO: [VRFC 10-307] analyzing entity Memoire_donnees
INFO: [VRFC 10-163] Analyzing VHDL file "/home/lerouxde/4IR/S8/sys_info/processeur/Microprocesseur/Microprocesseur.srcs/sim_1/new/Test_Memoire_donnees.vhd" into library xil_defaultlib
INFO: [VRFC 10-307] analyzing entity Test_Memoire_donnees
ERROR: [VRFC 10-1466] type std_logic does not match with the integer literal [/home/lerouxde/4IR/S8/sys_info/processeur/Microprocesseur/Microprocesseur.srcs/sim_1/new/Test_Memoire_donnees.vhd:55]
ERROR: [VRFC 10-1504] unit behavioral ignored due to previous errors [/home/lerouxde/4IR/S8/sys_info/processeur/Microprocesseur/Microprocesseur.srcs/sim_1/new/Test_Memoire_donnees.vhd:38]
INFO: [VRFC 10-240] VHDL file /home/lerouxde/4IR/S8/sys_info/processeur/Microprocesseur/Microprocesseur.srcs/sim_1/new/Test_Memoire_donnees.vhd ignored due to errors
INFO: [VRFC 10-163] Analyzing VHDL file "/home/lerouxde/4IR/S8/sys_info/processeur/Microprocesseur/Microprocesseur.srcs/sim_1/new/Test_Memoire_donnees.vhd" into library xil_defaultlib
INFO: [VRFC 10-307] analyzing entity Test_Memoire_donnees
INFO: [VRFC 10-163] Analyzing VHDL file "/home/lerouxde/4IR/S8/sys_info/processeur/Microprocesseur/Microprocesseur.srcs/sim_1/new/Test_Memoire_donnees.vhd" into library xil_defaultlib
INFO: [VRFC 10-307] analyzing entity Test_Memoire_donnees
INFO: [VRFC 10-163] Analyzing VHDL file "/home/lerouxde/4IR/S8/sys_info/processeur/Microprocesseur/Microprocesseur.srcs/sim_1/new/Test_Memoire_donnees.vhd" into library xil_defaultlib
INFO: [VRFC 10-307] analyzing entity Test_Memoire_donnees
INFO: [VRFC 10-163] Analyzing VHDL file "/home/lerouxde/4IR/S8/sys_info/processeur/Microprocesseur/Microprocesseur.srcs/sim_1/new/Test_Memoire_donnees.vhd" into library xil_defaultlib
INFO: [VRFC 10-307] analyzing entity Test_Memoire_donnees
INFO: [VRFC 10-163] Analyzing VHDL file "/home/lerouxde/4IR/S8/sys_info/processeur/Microprocesseur/Microprocesseur.srcs/sim_1/new/Test_Memoire_donnees.vhd" into library xil_defaultlib
INFO: [VRFC 10-307] analyzing entity Test_Memoire_donnees
INFO: [VRFC 10-163] Analyzing VHDL file "/home/lerouxde/4IR/S8/sys_info/processeur/Microprocesseur/Microprocesseur.srcs/sim_1/new/Test_Memoire_donnees.vhd" into library xil_defaultlib
INFO: [VRFC 10-307] analyzing entity Test_Memoire_donnees
INFO: [VRFC 10-163] Analyzing VHDL file "/home/lerouxde/4IR/S8/sys_info/processeur/Microprocesseur/Microprocesseur.srcs/sim_1/new/Test_Memoire_donnees.vhd" into library xil_defaultlib
INFO: [VRFC 10-307] analyzing entity Test_Memoire_donnees
INFO: [VRFC 10-163] Analyzing VHDL file "/home/lerouxde/4IR/S8/sys_info/processeur/Microprocesseur/Microprocesseur.srcs/sources_1/new/Memoire_donnees.vhd" into library xil_defaultlib
INFO: [VRFC 10-307] analyzing entity Memoire_donnees
INFO: [VRFC 10-163] Analyzing VHDL file "/home/lerouxde/4IR/S8/sys_info/processeur/Microprocesseur/Microprocesseur.srcs/sim_1/new/Test_Memoire_donnees.vhd" into library xil_defaultlib
INFO: [VRFC 10-307] analyzing entity Test_Memoire_donnees
INFO: [VRFC 10-163] Analyzing VHDL file "/home/lerouxde/4IR/S8/sys_info/processeur/Microprocesseur/Microprocesseur.srcs/sources_1/new/Processeur.vhd" into library xil_defaultlib
INFO: [VRFC 10-307] analyzing entity Processeur
INFO: [VRFC 10-163] Analyzing VHDL file "/home/lerouxde/4IR/S8/sys_info/processeur/Microprocesseur/Microprocesseur.srcs/sources_1/new/Processeur.vhd" into library xil_defaultlib
INFO: [VRFC 10-307] analyzing entity Processeur
INFO: [VRFC 10-163] Analyzing VHDL file "/home/lerouxde/4IR/S8/sys_info/processeur/Microprocesseur/Microprocesseur.srcs/sources_1/new/Processeur.vhd" into library xil_defaultlib
INFO: [VRFC 10-307] analyzing entity Processeur
INFO: [VRFC 10-163] Analyzing VHDL file "/home/lerouxde/4IR/S8/sys_info/processeur/Microprocesseur/Microprocesseur.srcs/sources_1/new/Memoire_instructions.vhd" into library xil_defaultlib
INFO: [VRFC 10-307] analyzing entity Memoire_instructions
INFO: [VRFC 10-163] Analyzing VHDL file "/home/lerouxde/4IR/S8/sys_info/processeur/Microprocesseur/Microprocesseur.srcs/sources_1/new/Processeur.vhd" into library xil_defaultlib
INFO: [VRFC 10-307] analyzing entity Processeur
INFO: [VRFC 10-163] Analyzing VHDL file "/home/lerouxde/4IR/S8/sys_info/processeur/Microprocesseur/Microprocesseur.srcs/sources_1/new/Memoire_instructions.vhd" into library xil_defaultlib
INFO: [VRFC 10-307] analyzing entity Memoire_instructions
INFO: [VRFC 10-163] Analyzing VHDL file "/home/lerouxde/4IR/S8/sys_info/processeur/Microprocesseur/Microprocesseur.srcs/sources_1/new/Memoire_instructions.vhd" into library xil_defaultlib
INFO: [VRFC 10-307] analyzing entity Memoire_instructions
INFO: [VRFC 10-163] Analyzing VHDL file "/home/lerouxde/4IR/S8/sys_info/processeur/Microprocesseur/Microprocesseur.srcs/sources_1/new/Processeur.vhd" into library xil_defaultlib
INFO: [VRFC 10-307] analyzing entity Processeur
INFO: [VRFC 10-163] Analyzing VHDL file "/home/lerouxde/4IR/S8/sys_info/processeur/Microprocesseur/Microprocesseur.srcs/sources_1/new/Processeur.vhd" into library xil_defaultlib
INFO: [VRFC 10-307] analyzing entity Processeur
INFO: [VRFC 10-163] Analyzing VHDL file "/home/lerouxde/4IR/S8/sys_info/processeur/Microprocesseur/Microprocesseur.srcs/sources_1/new/Memoire_instructions.vhd" into library xil_defaultlib
INFO: [VRFC 10-307] analyzing entity Memoire_instructions
INFO: [VRFC 10-163] Analyzing VHDL file "/home/lerouxde/4IR/S8/sys_info/processeur/Microprocesseur/Microprocesseur.srcs/sources_1/new/Processeur.vhd" into library xil_defaultlib
INFO: [VRFC 10-307] analyzing entity Processeur
INFO: [VRFC 10-163] Analyzing VHDL file "/home/lerouxde/4IR/S8/sys_info/processeur/Microprocesseur/Microprocesseur.srcs/sources_1/new/Processeur.vhd" into library xil_defaultlib
INFO: [VRFC 10-307] analyzing entity Processeur
INFO: [VRFC 10-163] Analyzing VHDL file "/home/lerouxde/4IR/S8/sys_info/processeur/Microprocesseur/Microprocesseur.srcs/sources_1/new/Memoire_instructions.vhd" into library xil_defaultlib
INFO: [VRFC 10-307] analyzing entity Memoire_instructions
INFO: [VRFC 10-163] Analyzing VHDL file "/home/lerouxde/4IR/S8/sys_info/processeur/Microprocesseur/Microprocesseur.srcs/sources_1/new/Memoire_instructions.vhd" into library xil_defaultlib
INFO: [VRFC 10-307] analyzing entity Memoire_instructions
INFO: [VRFC 10-163] Analyzing VHDL file "/home/lerouxde/4IR/S8/sys_info/processeur/Microprocesseur/Microprocesseur.srcs/sim_1/new/Test_Processeur.vhd" into library xil_defaultlib
INFO: [VRFC 10-307] analyzing entity Test_Processeur
INFO: [VRFC 10-163] Analyzing VHDL file "/home/lerouxde/4IR/S8/sys_info/processeur/Microprocesseur/Microprocesseur.srcs/sim_1/new/Test_Processeur.vhd" into library xil_defaultlib
INFO: [VRFC 10-307] analyzing entity Test_Processeur
INFO: [VRFC 10-163] Analyzing VHDL file "/home/lerouxde/4IR/S8/sys_info/processeur/Microprocesseur/Microprocesseur.srcs/sim_1/new/Test_Processeur.vhd" into library xil_defaultlib
INFO: [VRFC 10-307] analyzing entity Test_Processeur
INFO: [VRFC 10-163] Analyzing VHDL file "/home/lerouxde/4IR/S8/sys_info/processeur/Microprocesseur/Microprocesseur.srcs/sim_1/new/Test_Processeur.vhd" into library xil_defaultlib
INFO: [VRFC 10-307] analyzing entity Test_Processeur
INFO: [VRFC 10-163] Analyzing VHDL file "/home/lerouxde/4IR/S8/sys_info/processeur/Microprocesseur/Microprocesseur.srcs/sources_1/new/Memoire_instructions.vhd" into library xil_defaultlib
INFO: [VRFC 10-307] analyzing entity Memoire_instructions
INFO: [VRFC 10-163] Analyzing VHDL file "/home/lerouxde/4IR/S8/sys_info/processeur/Microprocesseur/Microprocesseur.srcs/sources_1/new/Memoire_instructions.vhd" into library xil_defaultlib
INFO: [VRFC 10-307] analyzing entity Memoire_instructions
INFO: [VRFC 10-163] Analyzing VHDL file "/home/lerouxde/4IR/S8/sys_info/processeur/Microprocesseur/Microprocesseur.srcs/sim_1/new/Test_Processeur.vhd" into library xil_defaultlib
INFO: [VRFC 10-307] analyzing entity Test_Processeur
INFO: [VRFC 10-163] Analyzing VHDL file "/home/lerouxde/4IR/S8/sys_info/processeur/Microprocesseur/Microprocesseur.srcs/sources_1/new/Memoire_instructions.vhd" into library xil_defaultlib
INFO: [VRFC 10-307] analyzing entity Memoire_instructions
INFO: [VRFC 10-163] Analyzing VHDL file "/home/lerouxde/4IR/S8/sys_info/processeur/Microprocesseur/Microprocesseur.srcs/sim_1/new/Test_Processeur.vhd" into library xil_defaultlib
INFO: [VRFC 10-307] analyzing entity Test_Processeur
INFO: [VRFC 10-163] Analyzing VHDL file "/home/lerouxde/4IR/S8/sys_info/processeur/Microprocesseur/Microprocesseur.srcs/sources_1/new/Memoire_instructions.vhd" into library xil_defaultlib
INFO: [VRFC 10-307] analyzing entity Memoire_instructions
INFO: [VRFC 10-163] Analyzing VHDL file "/home/lerouxde/4IR/S8/sys_info/processeur/Microprocesseur/Microprocesseur.srcs/sources_1/new/Memoire_donnees.vhd" into library xil_defaultlib
INFO: [VRFC 10-307] analyzing entity Memoire_donnees
INFO: [VRFC 10-163] Analyzing VHDL file "/home/lerouxde/4IR/S8/sys_info/processeur/Microprocesseur/Microprocesseur.srcs/sources_1/new/Memoire_donnees.vhd" into library xil_defaultlib
INFO: [VRFC 10-307] analyzing entity Memoire_donnees
INFO: [VRFC 10-163] Analyzing VHDL file "/home/lerouxde/4IR/S8/sys_info/processeur/Microprocesseur/Microprocesseur.srcs/sources_1/new/Memoire_instructions.vhd" into library xil_defaultlib
INFO: [VRFC 10-307] analyzing entity Memoire_instructions
INFO: [VRFC 10-163] Analyzing VHDL file "/home/lerouxde/4IR/S8/sys_info/processeur/Microprocesseur/Microprocesseur.srcs/sim_1/new/Test_Processeur.vhd" into library xil_defaultlib
INFO: [VRFC 10-307] analyzing entity Test_Processeur
INFO: [VRFC 10-163] Analyzing VHDL file "/home/lerouxde/4IR/S8/sys_info/processeur/Microprocesseur/Microprocesseur.srcs/sources_1/new/Memoire_instructions.vhd" into library xil_defaultlib
INFO: [VRFC 10-307] analyzing entity Memoire_instructions
INFO: [VRFC 10-163] Analyzing VHDL file "/home/lerouxde/4IR/S8/sys_info/processeur/Microprocesseur/Microprocesseur.srcs/sources_1/new/Processeur.vhd" into library xil_defaultlib
INFO: [VRFC 10-307] analyzing entity Processeur
INFO: [VRFC 10-163] Analyzing VHDL file "/home/lerouxde/4IR/S8/sys_info/processeur/Microprocesseur/Microprocesseur.srcs/sim_1/new/Test_Processeur.vhd" into library xil_defaultlib
INFO: [VRFC 10-307] analyzing entity Test_Processeur
INFO: [VRFC 10-163] Analyzing VHDL file "/home/lerouxde/4IR/S8/sys_info/processeur/Microprocesseur/Microprocesseur.srcs/sources_1/new/Memoire_donnees.vhd" into library xil_defaultlib
INFO: [VRFC 10-307] analyzing entity Memoire_donnees
INFO: [VRFC 10-163] Analyzing VHDL file "/home/lerouxde/4IR/S8/sys_info/processeur/Microprocesseur/Microprocesseur.srcs/sources_1/new/Processeur.vhd" into library xil_defaultlib
INFO: [VRFC 10-307] analyzing entity Processeur
ERROR: [VRFC 10-1412] syntax error near component [/home/lerouxde/4IR/S8/sys_info/processeur/Microprocesseur/Microprocesseur.srcs/sources_1/new/Processeur.vhd:176]
ERROR: [VRFC 10-47] rw is already declared in this region [/home/lerouxde/4IR/S8/sys_info/processeur/Microprocesseur/Microprocesseur.srcs/sources_1/new/Processeur.vhd:179]
ERROR: [VRFC 10-1412] syntax error near in [/home/lerouxde/4IR/S8/sys_info/processeur/Microprocesseur/Microprocesseur.srcs/sources_1/new/Processeur.vhd:179]
ERROR: [VRFC 10-1471] type error near std_logic ; current type std_ulogic; expected type  void [/home/lerouxde/4IR/S8/sys_info/processeur/Microprocesseur/Microprocesseur.srcs/sources_1/new/Processeur.vhd:179]
ERROR: [VRFC 10-47] rst is already declared in this region [/home/lerouxde/4IR/S8/sys_info/processeur/Microprocesseur/Microprocesseur.srcs/sources_1/new/Processeur.vhd:180]
ERROR: [VRFC 10-1412] syntax error near in [/home/lerouxde/4IR/S8/sys_info/processeur/Microprocesseur/Microprocesseur.srcs/sources_1/new/Processeur.vhd:180]
ERROR: [VRFC 10-1471] type error near std_logic ; current type std_ulogic; expected type  void [/home/lerouxde/4IR/S8/sys_info/processeur/Microprocesseur/Microprocesseur.srcs/sources_1/new/Processeur.vhd:180]
ERROR: [VRFC 10-1412] syntax error near in [/home/lerouxde/4IR/S8/sys_info/processeur/Microprocesseur/Microprocesseur.srcs/sources_1/new/Processeur.vhd:181]
ERROR: [VRFC 10-1471] type error near std_logic ; current type std_ulogic; expected type  void [/home/lerouxde/4IR/S8/sys_info/processeur/Microprocesseur/Microprocesseur.srcs/sources_1/new/Processeur.vhd:181]
ERROR: [VRFC 10-47] output is already declared in this region [/home/lerouxde/4IR/S8/sys_info/processeur/Microprocesseur/Microprocesseur.srcs/sources_1/new/Processeur.vhd:182]
ERROR: [VRFC 10-1412] syntax error near out [/home/lerouxde/4IR/S8/sys_info/processeur/Microprocesseur/Microprocesseur.srcs/sources_1/new/Processeur.vhd:182]
ERROR: [VRFC 10-1504] unit behavioral ignored due to previous errors [/home/lerouxde/4IR/S8/sys_info/processeur/Microprocesseur/Microprocesseur.srcs/sources_1/new/Processeur.vhd:65]
INFO: [VRFC 10-240] VHDL file /home/lerouxde/4IR/S8/sys_info/processeur/Microprocesseur/Microprocesseur.srcs/sources_1/new/Processeur.vhd ignored due to errors
INFO: [VRFC 10-163] Analyzing VHDL file "/home/lerouxde/4IR/S8/sys_info/processeur/Microprocesseur/Microprocesseur.srcs/sources_1/new/Memoire_donnees.vhd" into library xil_defaultlib
INFO: [VRFC 10-307] analyzing entity Memoire_donnees
INFO: [VRFC 10-163] Analyzing VHDL file "/home/lerouxde/4IR/S8/sys_info/processeur/Microprocesseur/Microprocesseur.srcs/sources_1/new/Processeur.vhd" into library xil_defaultlib
INFO: [VRFC 10-307] analyzing entity Processeur
ERROR: [VRFC 10-1412] syntax error near component [/home/lerouxde/4IR/S8/sys_info/processeur/Microprocesseur/Microprocesseur.srcs/sources_1/new/Processeur.vhd:176]
ERROR: [VRFC 10-47] rw is already declared in this region [/home/lerouxde/4IR/S8/sys_info/processeur/Microprocesseur/Microprocesseur.srcs/sources_1/new/Processeur.vhd:179]
ERROR: [VRFC 10-1412] syntax error near in [/home/lerouxde/4IR/S8/sys_info/processeur/Microprocesseur/Microprocesseur.srcs/sources_1/new/Processeur.vhd:179]
ERROR: [VRFC 10-1471] type error near std_logic ; current type std_ulogic; expected type  void [/home/lerouxde/4IR/S8/sys_info/processeur/Microprocesseur/Microprocesseur.srcs/sources_1/new/Processeur.vhd:179]
ERROR: [VRFC 10-47] rst is already declared in this region [/home/lerouxde/4IR/S8/sys_info/processeur/Microprocesseur/Microprocesseur.srcs/sources_1/new/Processeur.vhd:180]
ERROR: [VRFC 10-1412] syntax error near in [/home/lerouxde/4IR/S8/sys_info/processeur/Microprocesseur/Microprocesseur.srcs/sources_1/new/Processeur.vhd:180]
ERROR: [VRFC 10-1471] type error near std_logic ; current type std_ulogic; expected type  void [/home/lerouxde/4IR/S8/sys_info/processeur/Microprocesseur/Microprocesseur.srcs/sources_1/new/Processeur.vhd:180]
ERROR: [VRFC 10-1412] syntax error near in [/home/lerouxde/4IR/S8/sys_info/processeur/Microprocesseur/Microprocesseur.srcs/sources_1/new/Processeur.vhd:181]
ERROR: [VRFC 10-1471] type error near std_logic ; current type std_ulogic; expected type  void [/home/lerouxde/4IR/S8/sys_info/processeur/Microprocesseur/Microprocesseur.srcs/sources_1/new/Processeur.vhd:181]
ERROR: [VRFC 10-47] output is already declared in this region [/home/lerouxde/4IR/S8/sys_info/processeur/Microprocesseur/Microprocesseur.srcs/sources_1/new/Processeur.vhd:182]
ERROR: [VRFC 10-1412] syntax error near out [/home/lerouxde/4IR/S8/sys_info/processeur/Microprocesseur/Microprocesseur.srcs/sources_1/new/Processeur.vhd:182]
ERROR: [VRFC 10-1504] unit behavioral ignored due to previous errors [/home/lerouxde/4IR/S8/sys_info/processeur/Microprocesseur/Microprocesseur.srcs/sources_1/new/Processeur.vhd:65]
INFO: [VRFC 10-240] VHDL file /home/lerouxde/4IR/S8/sys_info/processeur/Microprocesseur/Microprocesseur.srcs/sources_1/new/Processeur.vhd ignored due to errors
INFO: [VRFC 10-163] Analyzing VHDL file "/home/lerouxde/4IR/S8/sys_info/processeur/Microprocesseur/Microprocesseur.srcs/sources_1/new/Memoire_donnees.vhd" into library xil_defaultlib
INFO: [VRFC 10-307] analyzing entity Memoire_donnees
INFO: [VRFC 10-163] Analyzing VHDL file "/home/lerouxde/4IR/S8/sys_info/processeur/Microprocesseur/Microprocesseur.srcs/sources_1/new/Processeur.vhd" into library xil_defaultlib
INFO: [VRFC 10-307] analyzing entity Processeur
ERROR: [VRFC 10-1412] syntax error near component [/home/lerouxde/4IR/S8/sys_info/processeur/Microprocesseur/Microprocesseur.srcs/sources_1/new/Processeur.vhd:176]
ERROR: [VRFC 10-47] rw is already declared in this region [/home/lerouxde/4IR/S8/sys_info/processeur/Microprocesseur/Microprocesseur.srcs/sources_1/new/Processeur.vhd:179]
ERROR: [VRFC 10-1412] syntax error near in [/home/lerouxde/4IR/S8/sys_info/processeur/Microprocesseur/Microprocesseur.srcs/sources_1/new/Processeur.vhd:179]
ERROR: [VRFC 10-1471] type error near std_logic ; current type std_ulogic; expected type  void [/home/lerouxde/4IR/S8/sys_info/processeur/Microprocesseur/Microprocesseur.srcs/sources_1/new/Processeur.vhd:179]
ERROR: [VRFC 10-47] rst is already declared in this region [/home/lerouxde/4IR/S8/sys_info/processeur/Microprocesseur/Microprocesseur.srcs/sources_1/new/Processeur.vhd:180]
ERROR: [VRFC 10-1412] syntax error near in [/home/lerouxde/4IR/S8/sys_info/processeur/Microprocesseur/Microprocesseur.srcs/sources_1/new/Processeur.vhd:180]
ERROR: [VRFC 10-1471] type error near std_logic ; current type std_ulogic; expected type  void [/home/lerouxde/4IR/S8/sys_info/processeur/Microprocesseur/Microprocesseur.srcs/sources_1/new/Processeur.vhd:180]
ERROR: [VRFC 10-1412] syntax error near in [/home/lerouxde/4IR/S8/sys_info/processeur/Microprocesseur/Microprocesseur.srcs/sources_1/new/Processeur.vhd:181]
ERROR: [VRFC 10-1471] type error near std_logic ; current type std_ulogic; expected type  void [/home/lerouxde/4IR/S8/sys_info/processeur/Microprocesseur/Microprocesseur.srcs/sources_1/new/Processeur.vhd:181]
ERROR: [VRFC 10-47] output is already declared in this region [/home/lerouxde/4IR/S8/sys_info/processeur/Microprocesseur/Microprocesseur.srcs/sources_1/new/Processeur.vhd:182]
ERROR: [VRFC 10-1412] syntax error near out [/home/lerouxde/4IR/S8/sys_info/processeur/Microprocesseur/Microprocesseur.srcs/sources_1/new/Processeur.vhd:182]
ERROR: [VRFC 10-1504] unit behavioral ignored due to previous errors [/home/lerouxde/4IR/S8/sys_info/processeur/Microprocesseur/Microprocesseur.srcs/sources_1/new/Processeur.vhd:65]
INFO: [VRFC 10-240] VHDL file /home/lerouxde/4IR/S8/sys_info/processeur/Microprocesseur/Microprocesseur.srcs/sources_1/new/Processeur.vhd ignored due to errors
INFO: [VRFC 10-163] Analyzing VHDL file "/home/lerouxde/4IR/S8/sys_info/processeur/Microprocesseur/Microprocesseur.srcs/sources_1/new/Memoire_donnees.vhd" into library xil_defaultlib
INFO: [VRFC 10-307] analyzing entity Memoire_donnees
INFO: [VRFC 10-163] Analyzing VHDL file "/home/lerouxde/4IR/S8/sys_info/processeur/Microprocesseur/Microprocesseur.srcs/sources_1/new/Processeur.vhd" into library xil_defaultlib
INFO: [VRFC 10-307] analyzing entity Processeur
INFO: [VRFC 10-163] Analyzing VHDL file "/home/lerouxde/4IR/S8/sys_info/processeur/Microprocesseur/Microprocesseur.srcs/sources_1/new/Memoire_donnees.vhd" into library xil_defaultlib
INFO: [VRFC 10-307] analyzing entity Memoire_donnees
INFO: [VRFC 10-163] Analyzing VHDL file "/home/lerouxde/4IR/S8/sys_info/processeur/Microprocesseur/Microprocesseur.srcs/sources_1/new/Memoire_donnees.vhd" into library xil_defaultlib
INFO: [VRFC 10-307] analyzing entity Memoire_donnees
INFO: [VRFC 10-163] Analyzing VHDL file "/home/lerouxde/4IR/S8/sys_info/processeur/Microprocesseur/Microprocesseur.srcs/sources_1/new/Memoire_donnees.vhd" into library xil_defaultlib
INFO: [VRFC 10-307] analyzing entity Memoire_donnees
INFO: [VRFC 10-163] Analyzing VHDL file "/home/lerouxde/4IR/S8/sys_info/processeur/Microprocesseur/Microprocesseur.srcs/sources_1/new/Memoire_donnees.vhd" into library xil_defaultlib
INFO: [VRFC 10-307] analyzing entity Memoire_donnees
INFO: [VRFC 10-163] Analyzing VHDL file "/home/lerouxde/4IR/S8/sys_info/processeur/Microprocesseur/Microprocesseur.srcs/sources_1/new/Memoire_instructions.vhd" into library xil_defaultlib
INFO: [VRFC 10-307] analyzing entity Memoire_instructions
INFO: [VRFC 10-163] Analyzing VHDL file "/home/lerouxde/4IR/S8/sys_info/processeur/Microprocesseur/Microprocesseur.srcs/sources_1/new/Memoire_donnees.vhd" into library xil_defaultlib
INFO: [VRFC 10-307] analyzing entity Memoire_donnees
INFO: [VRFC 10-163] Analyzing VHDL file "/home/lerouxde/4IR/S8/sys_info/processeur/Microprocesseur/Microprocesseur.srcs/sources_1/new/Memoire_instructions.vhd" into library xil_defaultlib
INFO: [VRFC 10-307] analyzing entity Memoire_instructions
INFO: [VRFC 10-163] Analyzing VHDL file "/home/lerouxde/4IR/S8/sys_info/processeur/Microprocesseur/Microprocesseur.srcs/sources_1/new/Memoire_instructions.vhd" into library xil_defaultlib
INFO: [VRFC 10-307] analyzing entity Memoire_instructions
INFO: [VRFC 10-163] Analyzing VHDL file "/home/lerouxde/4IR/S8/sys_info/processeur/Microprocesseur/Microprocesseur.srcs/sources_1/new/Memoire_donnees.vhd" into library xil_defaultlib
INFO: [VRFC 10-307] analyzing entity Memoire_donnees
INFO: [VRFC 10-163] Analyzing VHDL file "/home/lerouxde/4IR/S8/sys_info/processeur/Microprocesseur/Microprocesseur.srcs/sources_1/new/Memoire_donnees.vhd" into library xil_defaultlib
INFO: [VRFC 10-307] analyzing entity Memoire_donnees
INFO: [VRFC 10-163] Analyzing VHDL file "/home/lerouxde/4IR/S8/sys_info/processeur/Microprocesseur/Microprocesseur.srcs/sources_1/new/Memoire_instructions.vhd" into library xil_defaultlib
INFO: [VRFC 10-307] analyzing entity Memoire_instructions
INFO: [VRFC 10-163] Analyzing VHDL file "/home/lerouxde/4IR/S8/sys_info/processeur/Microprocesseur/Microprocesseur.srcs/sources_1/new/Memoire_donnees.vhd" into library xil_defaultlib
INFO: [VRFC 10-307] analyzing entity Memoire_donnees
INFO: [VRFC 10-163] Analyzing VHDL file "/home/lerouxde/4IR/S8/sys_info/processeur/Microprocesseur/Microprocesseur.srcs/sources_1/new/Memoire_donnees.vhd" into library xil_defaultlib
INFO: [VRFC 10-307] analyzing entity Memoire_donnees
INFO: [VRFC 10-163] Analyzing VHDL file "/home/lerouxde/4IR/S8/sys_info/processeur/Microprocesseur/Microprocesseur.srcs/sources_1/new/Memoire_donnees.vhd" into library xil_defaultlib
INFO: [VRFC 10-307] analyzing entity Memoire_donnees
INFO: [VRFC 10-163] Analyzing VHDL file "/home/lerouxde/4IR/S8/sys_info/processeur/Microprocesseur/Microprocesseur.srcs/sources_1/new/Memoire_instructions.vhd" into library xil_defaultlib
INFO: [VRFC 10-307] analyzing entity Memoire_instructions
INFO: [VRFC 10-163] Analyzing VHDL file "/home/lerouxde/4IR/S8/sys_info/processeur/Microprocesseur/Microprocesseur.srcs/sources_1/new/Memoire_donnees.vhd" into library xil_defaultlib
INFO: [VRFC 10-307] analyzing entity Memoire_donnees
INFO: [VRFC 10-163] Analyzing VHDL file "/home/lerouxde/4IR/S8/sys_info/processeur/Microprocesseur/Microprocesseur.srcs/sources_1/new/Memoire_instructions.vhd" into library xil_defaultlib
INFO: [VRFC 10-307] analyzing entity Memoire_instructions
INFO: [VRFC 10-163] Analyzing VHDL file "/home/lerouxde/4IR/S8/sys_info/processeur/Microprocesseur/Microprocesseur.srcs/sources_1/new/Memoire_instructions.vhd" into library xil_defaultlib
INFO: [VRFC 10-307] analyzing entity Memoire_instructions
INFO: [VRFC 10-163] Analyzing VHDL file "/home/lerouxde/4IR/S8/sys_info/processeur/Microprocesseur/Microprocesseur.srcs/sources_1/new/Memoire_instructions.vhd" into library xil_defaultlib
INFO: [VRFC 10-307] analyzing entity Memoire_instructions
INFO: [VRFC 10-163] Analyzing VHDL file "/home/lerouxde/4IR/S8/sys_info/processeur/Microprocesseur/Microprocesseur.srcs/sources_1/new/Processeur.vhd" into library xil_defaultlib
INFO: [VRFC 10-307] analyzing entity Processeur
INFO: [VRFC 10-163] Analyzing VHDL file "/home/lerouxde/4IR/S8/sys_info/processeur/Microprocesseur/Microprocesseur.srcs/sources_1/new/Processeur.vhd" into library xil_defaultlib
INFO: [VRFC 10-307] analyzing entity Processeur
INFO: [VRFC 10-163] Analyzing VHDL file "/home/lerouxde/4IR/S8/sys_info/processeur/Microprocesseur/Microprocesseur.srcs/sources_1/new/Memoire_donnees.vhd" into library xil_defaultlib
INFO: [VRFC 10-307] analyzing entity Memoire_donnees
INFO: [VRFC 10-163] Analyzing VHDL file "/home/lerouxde/4IR/S8/sys_info/processeur/Microprocesseur/Microprocesseur.srcs/sources_1/new/Processeur.vhd" into library xil_defaultlib
INFO: [VRFC 10-307] analyzing entity Processeur
INFO: [VRFC 10-163] Analyzing VHDL file "/home/lerouxde/4IR/S8/sys_info/processeur/Microprocesseur/Microprocesseur.srcs/sim_1/new/Test_Memoire_donnees.vhd" into library xil_defaultlib
INFO: [VRFC 10-307] analyzing entity Test_Memoire_donnees
INFO: [VRFC 10-163] Analyzing VHDL file "/home/lerouxde/4IR/S8/sys_info/processeur/Microprocesseur/Microprocesseur.srcs/sim_1/new/Test_Memoire_donnees.vhd" into library xil_defaultlib
INFO: [VRFC 10-307] analyzing entity Test_Memoire_donnees
INFO: [VRFC 10-163] Analyzing VHDL file "/home/lerouxde/4IR/S8/sys_info/processeur/Microprocesseur/Microprocesseur.srcs/sim_1/new/Test_Memoire_donnees.vhd" into library xil_defaultlib
INFO: [VRFC 10-307] analyzing entity Test_Memoire_donnees
INFO: [VRFC 10-163] Analyzing VHDL file "/home/lerouxde/4IR/S8/sys_info/processeur/Microprocesseur/Microprocesseur.srcs/sim_1/new/Test_Processeur.vhd" into library xil_defaultlib
INFO: [VRFC 10-307] analyzing entity Test_Processeur
INFO: [VRFC 10-163] Analyzing VHDL file "/home/lerouxde/4IR/S8/sys_info/processeur/Microprocesseur/Microprocesseur.srcs/sim_1/new/Test_Processeur.vhd" into library xil_defaultlib
INFO: [VRFC 10-307] analyzing entity Test_Processeur
INFO: [VRFC 10-163] Analyzing VHDL file "/home/lerouxde/4IR/S8/sys_info/processeur/Microprocesseur/Microprocesseur.srcs/sources_1/new/Memoire_instructions.vhd" into library xil_defaultlib
INFO: [VRFC 10-307] analyzing entity Memoire_instructions
INFO: [VRFC 10-163] Analyzing VHDL file "/home/lerouxde/4IR/S8/sys_info/processeur/Microprocesseur/Microprocesseur.srcs/sources_1/new/Memoire_instructions.vhd" into library xil_defaultlib
INFO: [VRFC 10-307] analyzing entity Memoire_instructions
INFO: [VRFC 10-163] Analyzing VHDL file "/home/lerouxde/4IR/S8/sys_info/processeur/Microprocesseur/Microprocesseur.srcs/sources_1/new/Memoire_instructions.vhd" into library xil_defaultlib
INFO: [VRFC 10-307] analyzing entity Memoire_instructions
INFO: [VRFC 10-163] Analyzing VHDL file "/home/lerouxde/4IR/S8/sys_info/processeur/Microprocesseur/Microprocesseur.srcs/sources_1/new/Memoire_instructions.vhd" into library xil_defaultlib
INFO: [VRFC 10-307] analyzing entity Memoire_instructions
INFO: [VRFC 10-163] Analyzing VHDL file "/home/lerouxde/4IR/S8/sys_info/processeur/Microprocesseur/Microprocesseur.srcs/sources_1/new/Memoire_instructions.vhd" into library xil_defaultlib
INFO: [VRFC 10-307] analyzing entity Memoire_instructions
INFO: [VRFC 10-163] Analyzing VHDL file "/home/lerouxde/4IR/S8/sys_info/processeur/Microprocesseur/Microprocesseur.srcs/sources_1/new/Memoire_instructions.vhd" into library xil_defaultlib
INFO: [VRFC 10-307] analyzing entity Memoire_instructions
INFO: [VRFC 10-163] Analyzing VHDL file "/home/lerouxde/4IR/S8/sys_info/processeur/Microprocesseur/Microprocesseur.srcs/sources_1/new/Memoire_instructions.vhd" into library xil_defaultlib
INFO: [VRFC 10-307] analyzing entity Memoire_instructions
INFO: [VRFC 10-163] Analyzing VHDL file "/home/lerouxde/4IR/S8/sys_info/processeur/Microprocesseur/Microprocesseur.srcs/sources_1/new/Memoire_instructions.vhd" into library xil_defaultlib
INFO: [VRFC 10-307] analyzing entity Memoire_instructions
INFO: [VRFC 10-163] Analyzing VHDL file "/home/lerouxde/4IR/S8/sys_info/processeur/Microprocesseur/Microprocesseur.srcs/sources_1/new/Memoire_instructions.vhd" into library xil_defaultlib
INFO: [VRFC 10-307] analyzing entity Memoire_instructions
INFO: [VRFC 10-163] Analyzing VHDL file "/home/lerouxde/4IR/S8/sys_info/processeur/Microprocesseur/Microprocesseur.srcs/sources_1/new/Memoire_instructions.vhd" into library xil_defaultlib
INFO: [VRFC 10-307] analyzing entity Memoire_instructions
INFO: [VRFC 10-163] Analyzing VHDL file "/home/lerouxde/4IR/S8/sys_info/processeur/Microprocesseur/Microprocesseur.srcs/sources_1/new/Memoire_instructions.vhd" into library xil_defaultlib
INFO: [VRFC 10-307] analyzing entity Memoire_instructions
INFO: [VRFC 10-163] Analyzing VHDL file "/home/lerouxde/4IR/S8/sys_info/processeur/Microprocesseur/Microprocesseur.srcs/sources_1/new/Memoire_donnees.vhd" into library xil_defaultlib
INFO: [VRFC 10-307] analyzing entity Memoire_donnees
INFO: [VRFC 10-163] Analyzing VHDL file "/home/lerouxde/4IR/S8/sys_info/processeur/Microprocesseur/Microprocesseur.srcs/sources_1/new/Memoire_instructions.vhd" into library xil_defaultlib
INFO: [VRFC 10-307] analyzing entity Memoire_instructions
INFO: [VRFC 10-163] Analyzing VHDL file "/home/lerouxde/4IR/S8/sys_info/processeur/Microprocesseur/Microprocesseur.srcs/sources_1/new/Memoire_instructions.vhd" into library xil_defaultlib
INFO: [VRFC 10-307] analyzing entity Memoire_instructions
INFO: [VRFC 10-163] Analyzing VHDL file "/home/lerouxde/4IR/S8/sys_info/processeur/Microprocesseur/Microprocesseur.srcs/sources_1/new/Memoire_instructions.vhd" into library xil_defaultlib
INFO: [VRFC 10-307] analyzing entity Memoire_instructions
INFO: [VRFC 10-163] Analyzing VHDL file "/home/lerouxde/4IR/S8/sys_info/processeur/Microprocesseur/Microprocesseur.srcs/sources_1/new/Memoire_donnees.vhd" into library xil_defaultlib
INFO: [VRFC 10-307] analyzing entity Memoire_donnees
INFO: [VRFC 10-163] Analyzing VHDL file "/home/lerouxde/4IR/S8/sys_info/processeur/Microprocesseur/Microprocesseur.srcs/sources_1/new/Memoire_instructions.vhd" into library xil_defaultlib
INFO: [VRFC 10-307] analyzing entity Memoire_instructions
INFO: [VRFC 10-163] Analyzing VHDL file "/home/lerouxde/4IR/S8/sys_info/processeur/Microprocesseur/Microprocesseur.srcs/sources_1/new/Memoire_donnees.vhd" into library xil_defaultlib
INFO: [VRFC 10-307] analyzing entity Memoire_donnees
INFO: [VRFC 10-163] Analyzing VHDL file "/home/lerouxde/4IR/S8/sys_info/processeur/Microprocesseur/Microprocesseur.srcs/sources_1/new/Memoire_instructions.vhd" into library xil_defaultlib
INFO: [VRFC 10-307] analyzing entity Memoire_instructions
INFO: [VRFC 10-163] Analyzing VHDL file "/home/lerouxde/4IR/S8/sys_info/processeur/Microprocesseur/Microprocesseur.srcs/sources_1/new/Memoire_instructions.vhd" into library xil_defaultlib
INFO: [VRFC 10-307] analyzing entity Memoire_instructions
INFO: [VRFC 10-163] Analyzing VHDL file "/home/lerouxde/4IR/S8/sys_info/processeur/Microprocesseur/Microprocesseur.srcs/sources_1/new/Memoire_instructions.vhd" into library xil_defaultlib
INFO: [VRFC 10-307] analyzing entity Memoire_instructions
INFO: [VRFC 10-163] Analyzing VHDL file "/home/lerouxde/4IR/S8/sys_info/processeur/Microprocesseur/Microprocesseur.srcs/sources_1/new/Memoire_donnees.vhd" into library xil_defaultlib
INFO: [VRFC 10-307] analyzing entity Memoire_donnees
INFO: [VRFC 10-163] Analyzing VHDL file "/home/lerouxde/4IR/S8/sys_info/processeur/Microprocesseur/Microprocesseur.srcs/sources_1/new/Memoire_donnees.vhd" into library xil_defaultlib
INFO: [VRFC 10-307] analyzing entity Memoire_donnees
INFO: [VRFC 10-163] Analyzing VHDL file "/home/lerouxde/4IR/S8/sys_info/processeur/Microprocesseur/Microprocesseur.srcs/sources_1/new/Memoire_instructions.vhd" into library xil_defaultlib
INFO: [VRFC 10-307] analyzing entity Memoire_instructions
INFO: [VRFC 10-163] Analyzing VHDL file "/home/lerouxde/4IR/S8/sys_info/processeur/Microprocesseur/Microprocesseur.srcs/sources_1/new/Processeur.vhd" into library xil_defaultlib
INFO: [VRFC 10-307] analyzing entity Processeur
INFO: [VRFC 10-163] Analyzing VHDL file "/home/lerouxde/4IR/S8/sys_info/processeur/Microprocesseur/Microprocesseur.srcs/sources_1/new/Processeur.vhd" into library xil_defaultlib
INFO: [VRFC 10-307] analyzing entity Processeur
INFO: [VRFC 10-163] Analyzing VHDL file "/home/lerouxde/4IR/S8/sys_info/processeur/Microprocesseur/Microprocesseur.srcs/sources_1/new/Processeur.vhd" into library xil_defaultlib
INFO: [VRFC 10-307] analyzing entity Processeur
INFO: [VRFC 10-163] Analyzing VHDL file "/home/lerouxde/4IR/S8/sys_info/processeur/Microprocesseur/Microprocesseur.srcs/sources_1/new/Processeur.vhd" into library xil_defaultlib
INFO: [VRFC 10-307] analyzing entity Processeur
INFO: [VRFC 10-163] Analyzing VHDL file "/home/lerouxde/4IR/S8/sys_info/processeur/Microprocesseur/Microprocesseur.srcs/sources_1/new/Processeur.vhd" into library xil_defaultlib
INFO: [VRFC 10-307] analyzing entity Processeur
INFO: [VRFC 10-163] Analyzing VHDL file "/home/lerouxde/4IR/S8/sys_info/processeur/Microprocesseur/Microprocesseur.srcs/sources_1/new/Processeur.vhd" into library xil_defaultlib
INFO: [VRFC 10-307] analyzing entity Processeur
INFO: [VRFC 10-163] Analyzing VHDL file "/home/lerouxde/4IR/S8/sys_info/processeur/Microprocesseur/Microprocesseur.srcs/sources_1/new/Processeur.vhd" into library xil_defaultlib
INFO: [VRFC 10-307] analyzing entity Processeur
INFO: [VRFC 10-163] Analyzing VHDL file "/home/lerouxde/4IR/S8/sys_info/processeur/Microprocesseur/Microprocesseur.srcs/sources_1/new/Processeur.vhd" into library xil_defaultlib
INFO: [VRFC 10-307] analyzing entity Processeur
INFO: [VRFC 10-163] Analyzing VHDL file "/home/lerouxde/4IR/S8/sys_info/processeur/Microprocesseur/Microprocesseur.srcs/sim_1/new/Test_Processeur.vhd" into library xil_defaultlib
INFO: [VRFC 10-307] analyzing entity Test_Processeur
INFO: [VRFC 10-163] Analyzing VHDL file "/home/lerouxde/4IR/S8/sys_info/processeur/Microprocesseur/Microprocesseur.srcs/sources_1/new/Processeur.vhd" into library xil_defaultlib
INFO: [VRFC 10-307] analyzing entity Processeur
INFO: [VRFC 10-163] Analyzing VHDL file "/home/lerouxde/4IR/S8/sys_info/processeur/Microprocesseur/Microprocesseur.srcs/sources_1/new/Memoire_instructions.vhd" into library xil_defaultlib
INFO: [VRFC 10-307] analyzing entity Memoire_instructions
INFO: [VRFC 10-163] Analyzing VHDL file "/home/lerouxde/4IR/S8/sys_info/processeur/Microprocesseur/Microprocesseur.srcs/sources_1/new/Memoire_instructions.vhd" into library xil_defaultlib
INFO: [VRFC 10-307] analyzing entity Memoire_instructions
INFO: [VRFC 10-163] Analyzing VHDL file "/home/lerouxde/4IR/S8/sys_info/processeur/Microprocesseur/Microprocesseur.srcs/sources_1/new/Memoire_instructions.vhd" into library xil_defaultlib
INFO: [VRFC 10-307] analyzing entity Memoire_instructions
INFO: [VRFC 10-163] Analyzing VHDL file "/home/lerouxde/4IR/S8/sys_info/processeur/Microprocesseur/Microprocesseur.srcs/sources_1/new/Memoire_instructions.vhd" into library xil_defaultlib
INFO: [VRFC 10-307] analyzing entity Memoire_instructions
INFO: [VRFC 10-163] Analyzing VHDL file "/home/lerouxde/4IR/S8/sys_info/processeur/Microprocesseur/Microprocesseur.srcs/sources_1/new/Memoire_instructions.vhd" into library xil_defaultlib
INFO: [VRFC 10-307] analyzing entity Memoire_instructions
INFO: [VRFC 10-163] Analyzing VHDL file "/home/lerouxde/4IR/S8/sys_info/processeur/Microprocesseur/Microprocesseur.srcs/sources_1/new/Memoire_instructions.vhd" into library xil_defaultlib
INFO: [VRFC 10-307] analyzing entity Memoire_instructions
INFO: [VRFC 10-163] Analyzing VHDL file "/home/lerouxde/4IR/S8/sys_info/processeur/Microprocesseur/Microprocesseur.srcs/sources_1/new/Processeur.vhd" into library xil_defaultlib
INFO: [VRFC 10-307] analyzing entity Processeur
INFO: [VRFC 10-163] Analyzing VHDL file "/home/lerouxde/4IR/S8/sys_info/processeur/Microprocesseur/Microprocesseur.srcs/sources_1/new/Memoire_instructions.vhd" into library xil_defaultlib
INFO: [VRFC 10-307] analyzing entity Memoire_instructions
INFO: [VRFC 10-163] Analyzing VHDL file "/home/lerouxde/4IR/S8/sys_info/processeur/Microprocesseur/Microprocesseur.srcs/sources_1/new/Processeur.vhd" into library xil_defaultlib
INFO: [VRFC 10-307] analyzing entity Processeur
INFO: [VRFC 10-163] Analyzing VHDL file "/home/lerouxde/4IR/S8/sys_info/processeur/Microprocesseur/Microprocesseur.srcs/sources_1/new/Processeur.vhd" into library xil_defaultlib
INFO: [VRFC 10-307] analyzing entity Processeur
INFO: [VRFC 10-163] Analyzing VHDL file "/home/lerouxde/4IR/S8/sys_info/processeur/Microprocesseur/Microprocesseur.srcs/sources_1/new/Processeur.vhd" into library xil_defaultlib
INFO: [VRFC 10-307] analyzing entity Processeur
INFO: [VRFC 10-163] Analyzing VHDL file "/home/lerouxde/4IR/S8/sys_info/processeur/Microprocesseur/Microprocesseur.srcs/sources_1/new/Memoire_instructions.vhd" into library xil_defaultlib
INFO: [VRFC 10-307] analyzing entity Memoire_instructions
INFO: [VRFC 10-163] Analyzing VHDL file "/home/lerouxde/4IR/S8/sys_info/processeur/Microprocesseur/Microprocesseur.srcs/sources_1/new/Memoire_donnees.vhd" into library xil_defaultlib
INFO: [VRFC 10-307] analyzing entity Memoire_donnees
INFO: [VRFC 10-163] Analyzing VHDL file "/home/lerouxde/4IR/S8/sys_info/processeur/Microprocesseur/Microprocesseur.srcs/sources_1/new/Processeur.vhd" into library xil_defaultlib
INFO: [VRFC 10-307] analyzing entity Processeur
ERROR: [VRFC 10-1412] syntax error near ) [/home/lerouxde/4IR/S8/sys_info/processeur/Microprocesseur/Microprocesseur.srcs/sources_1/new/Processeur.vhd:212]
ERROR: [VRFC 10-724] found '0' definitions of operator "and", cannot determine exact overloaded matching definition for "and" [/home/lerouxde/4IR/S8/sys_info/processeur/Microprocesseur/Microprocesseur.srcs/sources_1/new/Processeur.vhd:210]
ERROR: [VRFC 10-1504] unit behavioral ignored due to previous errors [/home/lerouxde/4IR/S8/sys_info/processeur/Microprocesseur/Microprocesseur.srcs/sources_1/new/Processeur.vhd:66]
INFO: [VRFC 10-240] VHDL file /home/lerouxde/4IR/S8/sys_info/processeur/Microprocesseur/Microprocesseur.srcs/sources_1/new/Processeur.vhd ignored due to errors
INFO: [VRFC 10-163] Analyzing VHDL file "/home/lerouxde/4IR/S8/sys_info/processeur/Microprocesseur/Microprocesseur.srcs/sources_1/new/Memoire_donnees.vhd" into library xil_defaultlib
INFO: [VRFC 10-307] analyzing entity Memoire_donnees
INFO: [VRFC 10-163] Analyzing VHDL file "/home/lerouxde/4IR/S8/sys_info/processeur/Microprocesseur/Microprocesseur.srcs/sources_1/new/Processeur.vhd" into library xil_defaultlib
INFO: [VRFC 10-307] analyzing entity Processeur
INFO: [VRFC 10-163] Analyzing VHDL file "/home/lerouxde/4IR/S8/sys_info/processeur/Microprocesseur/Microprocesseur.srcs/sources_1/new/Memoire_instructions.vhd" into library xil_defaultlib
INFO: [VRFC 10-307] analyzing entity Memoire_instructions
INFO: [VRFC 10-163] Analyzing VHDL file "/home/lerouxde/4IR/S8/sys_info/processeur/Microprocesseur/Microprocesseur.srcs/sources_1/new/Processeur.vhd" into library xil_defaultlib
INFO: [VRFC 10-307] analyzing entity Processeur
INFO: [VRFC 10-163] Analyzing VHDL file "/home/lerouxde/4IR/S8/sys_info/processeur/Microprocesseur/Microprocesseur.srcs/sources_1/new/Processeur.vhd" into library xil_defaultlib
INFO: [VRFC 10-307] analyzing entity Processeur
INFO: [VRFC 10-163] Analyzing VHDL file "/home/lerouxde/4IR/S8/sys_info/processeur/Microprocesseur/Microprocesseur.srcs/sources_1/new/Memoire_donnees.vhd" into library xil_defaultlib
INFO: [VRFC 10-307] analyzing entity Memoire_donnees
INFO: [VRFC 10-163] Analyzing VHDL file "/home/lerouxde/4IR/S8/sys_info/processeur/Microprocesseur/Microprocesseur.srcs/sources_1/new/ALU.vhd" into library xil_defaultlib
INFO: [VRFC 10-307] analyzing entity ALU
INFO: [VRFC 10-163] Analyzing VHDL file "/home/lerouxde/4IR/S8/sys_info/processeur/Microprocesseur/Microprocesseur.srcs/sources_1/new/Memoire_instructions.vhd" into library xil_defaultlib
INFO: [VRFC 10-307] analyzing entity Memoire_instructions
INFO: [VRFC 10-163] Analyzing VHDL file "/home/lerouxde/4IR/S8/sys_info/processeur/Microprocesseur/Microprocesseur.srcs/sources_1/new/ALU.vhd" into library xil_defaultlib
INFO: [VRFC 10-307] analyzing entity ALU
INFO: [VRFC 10-163] Analyzing VHDL file "/home/lerouxde/4IR/S8/sys_info/processeur/Microprocesseur/Microprocesseur.srcs/sources_1/new/Memoire_instructions.vhd" into library xil_defaultlib
INFO: [VRFC 10-307] analyzing entity Memoire_instructions
INFO: [VRFC 10-163] Analyzing VHDL file "/home/lerouxde/4IR/S8/sys_info/processeur/Microprocesseur/Microprocesseur.srcs/sources_1/new/Memoire_donnees.vhd" into library xil_defaultlib
INFO: [VRFC 10-307] analyzing entity Memoire_donnees
INFO: [VRFC 10-163] Analyzing VHDL file "/home/lerouxde/4IR/S8/sys_info/processeur/Microprocesseur/Microprocesseur.srcs/sources_1/new/ALU.vhd" into library xil_defaultlib
INFO: [VRFC 10-307] analyzing entity ALU
INFO: [VRFC 10-163] Analyzing VHDL file "/home/lerouxde/4IR/S8/sys_info/processeur/Microprocesseur/Microprocesseur.srcs/sources_1/new/Memoire_donnees.vhd" into library xil_defaultlib
INFO: [VRFC 10-307] analyzing entity Memoire_donnees
INFO: [VRFC 10-163] Analyzing VHDL file "/home/lerouxde/4IR/S8/sys_info/processeur/Microprocesseur/Microprocesseur.srcs/sources_1/new/Memoire_donnees.vhd" into library xil_defaultlib
INFO: [VRFC 10-307] analyzing entity Memoire_donnees
INFO: [VRFC 10-163] Analyzing VHDL file "/home/lerouxde/4IR/S8/sys_info/processeur/Microprocesseur/Microprocesseur.srcs/sources_1/new/Memoire_donnees.vhd" into library xil_defaultlib
INFO: [VRFC 10-307] analyzing entity Memoire_donnees
INFO: [VRFC 10-163] Analyzing VHDL file "/home/lerouxde/4IR/S8/sys_info/processeur/Microprocesseur/Microprocesseur.srcs/sources_1/new/Memoire_instructions.vhd" into library xil_defaultlib
INFO: [VRFC 10-307] analyzing entity Memoire_instructions
