Vivado Simulator 2018.2
Copyright 1986-1999, 2001-2018 Xilinx, Inc. All Rights Reserved.
Running: /usr/local/insa/Xilinx.VIVADO/Vivado/2018.2/bin/unwrapped/lnx64.o/xelab -wto e9ed638a198845a785f9a0ec57905963 --incr --debug typical --relax --mt 8 -L xil_defaultlib -L secureip --snapshot Test_Processeur_behav xil_defaultlib.Test_Processeur -log elaborate.log 
Using 8 slave threads.
Starting static elaboration
Completed static elaboration
Starting simulation data flow analysis
Completed simulation data flow analysis
Time Resolution for simulation is 1ps
Compiling package std.standard
Compiling package std.textio
Compiling package ieee.std_logic_1164
Compiling package ieee.std_logic_arith
Compiling package ieee.std_logic_unsigned
Compiling package ieee.numeric_std
Compiling architecture behavioral of entity xil_defaultlib.Memoire_instructions [memoire_instructions_default]
Compiling architecture behavioral of entity xil_defaultlib.Banc_de_registres [banc_de_registres_default]
Compiling architecture behavioral of entity xil_defaultlib.ALU [alu_default]
Compiling architecture behavioral of entity xil_defaultlib.Memoire_donnees [memoire_donnees_default]
Compiling architecture behavioral of entity xil_defaultlib.pipeline1 [pipeline1_default]
Compiling architecture behavioral of entity xil_defaultlib.pipeline2 [pipeline2_default]
Compiling architecture behavioral of entity xil_defaultlib.Processeur [processeur_default]
Compiling architecture behavioral of entity xil_defaultlib.test_processeur
Built simulation snapshot Test_Processeur_behav
